<?xml version="1.0" encoding="UTF-8"?>
<testsuites>
  <testsuite name="CodeIgniter Application Test Suite" tests="50" assertions="69" errors="0" failures="0" skipped="0" time="0.123631">
    <testsuite name="Login_test" file="/Applications/XAMPP/xamppfiles/htdocs/tecface/application/tests/models/Login_test.php" tests="5" assertions="8" errors="0" failures="0" skipped="0" time="0.016483">
      <testcase name="test_index" class="Login_test" classname="Login_test" file="/Applications/XAMPP/xamppfiles/htdocs/tecface/application/tests/models/Login_test.php" line="8" assertions="1" time="0.002845"/>
      <testcase name="test_index_404" class="Login_test" classname="Login_test" file="/Applications/XAMPP/xamppfiles/htdocs/tecface/application/tests/models/Login_test.php" line="13" assertions="1" time="0.001734"/>
      <testcase name="test_login_ingresar_sin_parametros" class="Login_test" classname="Login_test" file="/Applications/XAMPP/xamppfiles/htdocs/tecface/application/tests/models/Login_test.php" line="18" assertions="2" time="0.006133"/>
      <testcase name="test_login_ingresar_usuario_correcto_pass_incorrecto" class="Login_test" classname="Login_test" file="/Applications/XAMPP/xamppfiles/htdocs/tecface/application/tests/models/Login_test.php" line="23" assertions="2" time="0.002864"/>
      <testcase name="test_login_ingresar_usuario_correcto_pass_correcto" class="Login_test" classname="Login_test" file="/Applications/XAMPP/xamppfiles/htdocs/tecface/application/tests/models/Login_test.php" line="32" assertions="2" time="0.002907"/>
    </testsuite>
    <testsuite name="Muro_post_test" file="/Applications/XAMPP/xamppfiles/htdocs/tecface/application/tests/models/Muro_post_test.php" tests="16" assertions="32" errors="0" failures="0" skipped="0" time="0.044997">
      <testcase name="test_publicar_sin_parametros" class="Muro_post_test" classname="Muro_post_test" file="/Applications/XAMPP/xamppfiles/htdocs/tecface/application/tests/models/Muro_post_test.php" line="8" assertions="2" time="0.002339"/>
      <testcase name="test_publicar_con_parametros" class="Muro_post_test" classname="Muro_post_test" file="/Applications/XAMPP/xamppfiles/htdocs/tecface/application/tests/models/Muro_post_test.php" line="13" assertions="2" time="0.004801"/>
      <testcase name="test_comentar_con_archivo" class="Muro_post_test" classname="Muro_post_test" file="/Applications/XAMPP/xamppfiles/htdocs/tecface/application/tests/models/Muro_post_test.php" line="26" assertions="2" time="0.002988"/>
      <testcase name="test_comentar_sin_archivo" class="Muro_post_test" classname="Muro_post_test" file="/Applications/XAMPP/xamppfiles/htdocs/tecface/application/tests/models/Muro_post_test.php" line="40" assertions="2" time="0.002959"/>
      <testcase name="test_hacer_amigo_correcto" class="Muro_post_test" classname="Muro_post_test" file="/Applications/XAMPP/xamppfiles/htdocs/tecface/application/tests/models/Muro_post_test.php" line="55" assertions="2" time="0.002986"/>
      <testcase name="test_hacer_amigo_incorrecto" class="Muro_post_test" classname="Muro_post_test" file="/Applications/XAMPP/xamppfiles/htdocs/tecface/application/tests/models/Muro_post_test.php" line="60" assertions="2" time="0.003099"/>
      <testcase name="test_eliminar_amigo_correcto" class="Muro_post_test" classname="Muro_post_test" file="/Applications/XAMPP/xamppfiles/htdocs/tecface/application/tests/models/Muro_post_test.php" line="65" assertions="2" time="0.002710"/>
      <testcase name="test_eliminar_amigo_incorrecto" class="Muro_post_test" classname="Muro_post_test" file="/Applications/XAMPP/xamppfiles/htdocs/tecface/application/tests/models/Muro_post_test.php" line="70" assertions="2" time="0.002589"/>
      <testcase name="test_like_correcto" class="Muro_post_test" classname="Muro_post_test" file="/Applications/XAMPP/xamppfiles/htdocs/tecface/application/tests/models/Muro_post_test.php" line="75" assertions="2" time="0.002478"/>
      <testcase name="test_like_incorrecto" class="Muro_post_test" classname="Muro_post_test" file="/Applications/XAMPP/xamppfiles/htdocs/tecface/application/tests/models/Muro_post_test.php" line="80" assertions="2" time="0.002903"/>
      <testcase name="test_dislike_incorrecto" class="Muro_post_test" classname="Muro_post_test" file="/Applications/XAMPP/xamppfiles/htdocs/tecface/application/tests/models/Muro_post_test.php" line="85" assertions="2" time="0.002412"/>
      <testcase name="test_dislike_correcto" class="Muro_post_test" classname="Muro_post_test" file="/Applications/XAMPP/xamppfiles/htdocs/tecface/application/tests/models/Muro_post_test.php" line="90" assertions="2" time="0.002421"/>
      <testcase name="test_like_comment_correcto" class="Muro_post_test" classname="Muro_post_test" file="/Applications/XAMPP/xamppfiles/htdocs/tecface/application/tests/models/Muro_post_test.php" line="95" assertions="2" time="0.002603"/>
      <testcase name="test_like_comment_incorrecto" class="Muro_post_test" classname="Muro_post_test" file="/Applications/XAMPP/xamppfiles/htdocs/tecface/application/tests/models/Muro_post_test.php" line="100" assertions="2" time="0.002433"/>
      <testcase name="test_dislike_comment_incorrecto" class="Muro_post_test" classname="Muro_post_test" file="/Applications/XAMPP/xamppfiles/htdocs/tecface/application/tests/models/Muro_post_test.php" line="105" assertions="2" time="0.002621"/>
      <testcase name="test_dislike_comment_correcto" class="Muro_post_test" classname="Muro_post_test" file="/Applications/XAMPP/xamppfiles/htdocs/tecface/application/tests/models/Muro_post_test.php" line="110" assertions="2" time="0.002655"/>
    </testsuite>
    <testsuite name="Muro_test" file="/Applications/XAMPP/xamppfiles/htdocs/tecface/application/tests/models/Muro_test.php" tests="29" assertions="29" errors="0" failures="0" skipped="0" time="0.062151">
      <testcase name="test_likes_total" class="Muro_test" classname="Muro_test" file="/Applications/XAMPP/xamppfiles/htdocs/tecface/application/tests/models/Muro_test.php" line="9" assertions="1" time="0.002403"/>
      <testcase name="test_likes_total_incorrecto" class="Muro_test" classname="Muro_test" file="/Applications/XAMPP/xamppfiles/htdocs/tecface/application/tests/models/Muro_test.php" line="15" assertions="1" time="0.002280"/>
      <testcase name="test_likes_comentario_total" class="Muro_test" classname="Muro_test" file="/Applications/XAMPP/xamppfiles/htdocs/tecface/application/tests/models/Muro_test.php" line="21" assertions="1" time="0.002452"/>
      <testcase name="test_likes_total_comentario_incorrecto" class="Muro_test" classname="Muro_test" file="/Applications/XAMPP/xamppfiles/htdocs/tecface/application/tests/models/Muro_test.php" line="27" assertions="1" time="0.002276"/>
      <testcase name="test_tags_format_datos" class="Muro_test" classname="Muro_test" file="/Applications/XAMPP/xamppfiles/htdocs/tecface/application/tests/models/Muro_test.php" line="33" assertions="1" time="0.001355"/>
      <testcase name="test_tags_format_vacio" class="Muro_test" classname="Muro_test" file="/Applications/XAMPP/xamppfiles/htdocs/tecface/application/tests/models/Muro_test.php" line="39" assertions="1" time="0.001130"/>
      <testcase name="test_get_comentario_correcto" class="Muro_test" classname="Muro_test" file="/Applications/XAMPP/xamppfiles/htdocs/tecface/application/tests/models/Muro_test.php" line="45" assertions="1" time="0.003362"/>
      <testcase name="test_get_comentario_incorrecto" class="Muro_test" classname="Muro_test" file="/Applications/XAMPP/xamppfiles/htdocs/tecface/application/tests/models/Muro_test.php" line="52" assertions="1" time="0.002294"/>
      <testcase name="test_get_comentario_parent_correcto" class="Muro_test" classname="Muro_test" file="/Applications/XAMPP/xamppfiles/htdocs/tecface/application/tests/models/Muro_test.php" line="63" assertions="1" time="0.003003"/>
      <testcase name="test_get_comentario_parent_incorrecto" class="Muro_test" classname="Muro_test" file="/Applications/XAMPP/xamppfiles/htdocs/tecface/application/tests/models/Muro_test.php" line="70" assertions="1" time="0.003074"/>
      <testcase name="test_lista_amigos_correcto" class="Muro_test" classname="Muro_test" file="/Applications/XAMPP/xamppfiles/htdocs/tecface/application/tests/models/Muro_test.php" line="81" assertions="1" time="0.002518"/>
      <testcase name="test_lista_amigos_sin_amigos" class="Muro_test" classname="Muro_test" file="/Applications/XAMPP/xamppfiles/htdocs/tecface/application/tests/models/Muro_test.php" line="89" assertions="1" time="0.002425"/>
      <testcase name="test_get_likes_correcto" class="Muro_test" classname="Muro_test" file="/Applications/XAMPP/xamppfiles/htdocs/tecface/application/tests/models/Muro_test.php" line="97" assertions="1" time="0.002286"/>
      <testcase name="test_get_likes_incorrecto" class="Muro_test" classname="Muro_test" file="/Applications/XAMPP/xamppfiles/htdocs/tecface/application/tests/models/Muro_test.php" line="104" assertions="1" time="0.002259"/>
      <testcase name="test_get_likes_comentario_correcto" class="Muro_test" classname="Muro_test" file="/Applications/XAMPP/xamppfiles/htdocs/tecface/application/tests/models/Muro_test.php" line="115" assertions="1" time="0.002264"/>
      <testcase name="test_get_likes_comentario_incorrecto" class="Muro_test" classname="Muro_test" file="/Applications/XAMPP/xamppfiles/htdocs/tecface/application/tests/models/Muro_test.php" line="122" assertions="1" time="0.002153"/>
      <testcase name="test_comentarios_total_correcto" class="Muro_test" classname="Muro_test" file="/Applications/XAMPP/xamppfiles/htdocs/tecface/application/tests/models/Muro_test.php" line="133" assertions="1" time="0.002164"/>
      <testcase name="test_comentarios_total_incorrecto" class="Muro_test" classname="Muro_test" file="/Applications/XAMPP/xamppfiles/htdocs/tecface/application/tests/models/Muro_test.php" line="139" assertions="1" time="0.002253"/>
      <testcase name="test_boton_like_correcto_like" class="Muro_test" classname="Muro_test" file="/Applications/XAMPP/xamppfiles/htdocs/tecface/application/tests/models/Muro_test.php" line="145" assertions="1" time="0.002289"/>
      <testcase name="test_boton_like_correcto_dislike" class="Muro_test" classname="Muro_test" file="/Applications/XAMPP/xamppfiles/htdocs/tecface/application/tests/models/Muro_test.php" line="151" assertions="1" time="0.002521"/>
      <testcase name="test_boton_like_comentario_correcto_like" class="Muro_test" classname="Muro_test" file="/Applications/XAMPP/xamppfiles/htdocs/tecface/application/tests/models/Muro_test.php" line="157" assertions="1" time="0.002502"/>
      <testcase name="test_boton_like_comentario_correcto_dislike" class="Muro_test" classname="Muro_test" file="/Applications/XAMPP/xamppfiles/htdocs/tecface/application/tests/models/Muro_test.php" line="163" assertions="1" time="0.002192"/>
      <testcase name="test_get_nombre" class="Muro_test" classname="Muro_test" file="/Applications/XAMPP/xamppfiles/htdocs/tecface/application/tests/models/Muro_test.php" line="169" assertions="1" time="0.002013"/>
      <testcase name="test_get_img_perfil" class="Muro_test" classname="Muro_test" file="/Applications/XAMPP/xamppfiles/htdocs/tecface/application/tests/models/Muro_test.php" line="175" assertions="1" time="0.002031"/>
      <testcase name="test_get_usuarios" class="Muro_test" classname="Muro_test" file="/Applications/XAMPP/xamppfiles/htdocs/tecface/application/tests/models/Muro_test.php" line="181" assertions="1" time="0.001970"/>
      <testcase name="test_remover_correcto_1" class="Muro_test" classname="Muro_test" file="/Applications/XAMPP/xamppfiles/htdocs/tecface/application/tests/models/Muro_test.php" line="188" assertions="1" time="0.001197"/>
      <testcase name="test_remover_correcto_2" class="Muro_test" classname="Muro_test" file="/Applications/XAMPP/xamppfiles/htdocs/tecface/application/tests/models/Muro_test.php" line="195" assertions="1" time="0.001162"/>
      <testcase name="test_remover_correcto_sin_valor" class="Muro_test" classname="Muro_test" file="/Applications/XAMPP/xamppfiles/htdocs/tecface/application/tests/models/Muro_test.php" line="202" assertions="1" time="0.001175"/>
      <testcase name="test_remover_correcto_sin_parametro" class="Muro_test" classname="Muro_test" file="/Applications/XAMPP/xamppfiles/htdocs/tecface/application/tests/models/Muro_test.php" line="209" assertions="1" time="0.001148"/>
    </testsuite>
  </testsuite>
</testsuites>
